<?xml version="1.0" encoding="utf-8"?><testsuites><testsuite name="pytest" errors="0" failures="0" skipped="1" tests="3" time="0.113" timestamp="2024-11-02T21:54:42.305186" hostname="docker-desktop"><testcase classname="ros_example.test.test_copyright" name="test_copyright" time="0.000"><skipped type="pytest.skip" message="No copyright header has been placed in the generated source file.">/home/vscode/workspace/ros_example/test/test_copyright.py:20: No copyright header has been placed in the generated source file.</skipped></testcase><testcase classname="ros_example.test.test_flake8" name="test_flake8" time="0.048" /><testcase classname="ros_example.test.test_pep257" name="test_pep257" time="0.016" /></testsuite></testsuites>